<?xml version="1.0" encoding="UTF-8"?>
<coverage generated="1705871312264" clover="3.2.0">
  <project timestamp="1705871312264" name="All files">
    <metrics statements="9" coveredstatements="9" conditionals="0" coveredconditionals="0" methods="4" coveredmethods="4" elements="13" coveredelements="13" complexity="0" loc="9" ncloc="9" packages="1" files="4" classes="4"/>
    <file name="multiply.js" path="/Users/helenhaveloh/workspace/aws-23-07/testing/jest/introduction/multiply.js">
      <metrics statements="2" coveredstatements="2" conditionals="0" coveredconditionals="0" methods="1" coveredmethods="1"/>
      <line num="2" count="2" type="stmt"/>
      <line num="5" count="2" type="stmt"/>
    </file>
    <file name="palindrome.js" path="/Users/helenhaveloh/workspace/aws-23-07/testing/jest/introduction/palindrome.js">
      <metrics statements="3" coveredstatements="3" conditionals="0" coveredconditionals="0" methods="1" coveredmethods="1"/>
      <line num="1" count="2" type="stmt"/>
      <line num="4" count="4" type="stmt"/>
      <line num="7" count="2" type="stmt"/>
    </file>
    <file name="reverseString.js" path="/Users/helenhaveloh/workspace/aws-23-07/testing/jest/introduction/reverseString.js">
      <metrics statements="2" coveredstatements="2" conditionals="0" coveredconditionals="0" methods="1" coveredmethods="1"/>
      <line num="2" count="6" type="stmt"/>
      <line num="6" count="3" type="stmt"/>
    </file>
    <file name="shallowObject.js" path="/Users/helenhaveloh/workspace/aws-23-07/testing/jest/introduction/shallowObject.js">
      <metrics statements="2" coveredstatements="2" conditionals="0" coveredconditionals="0" methods="1" coveredmethods="1"/>
      <line num="2" count="2" type="stmt"/>
      <line num="5" count="2" type="stmt"/>
    </file>
  </project>
</coverage>
