{"/Users/helenhaveloh/workspace/aws-23-07/testing/jest/introduction/multiply.js": {"path":"/Users/helenhaveloh/workspace/aws-23-07/testing/jest/introduction/multiply.js","statementMap":{"0":{"start":{"line":2,"column":4},"end":{"line":2,"column":16}},"1":{"start":{"line":5,"column":0},"end":{"line":5,"column":25}}},"fnMap":{"0":{"name":"multiply","decl":{"start":{"line":1,"column":9},"end":{"line":1,"column":17}},"loc":{"start":{"line":1,"column":24},"end":{"line":3,"column":1}},"line":1}},"branchMap":{},"s":{"0":2,"1":2},"f":{"0":2},"b":{},"_coverageSchema":"1a1c01bbd47fc00a2c39e90264f33305004495a9","hash":"44bf0c437e400f1f7e2788baa9e5a9f4ea72f642"}
,"/Users/helenhaveloh/workspace/aws-23-07/testing/jest/introduction/palindrome.js": {"path":"/Users/helenhaveloh/workspace/aws-23-07/testing/jest/introduction/palindrome.js","statementMap":{"0":{"start":{"line":1,"column":22},"end":{"line":1,"column":48}},"1":{"start":{"line":4,"column":4},"end":{"line":4,"column":67}},"2":{"start":{"line":7,"column":0},"end":{"line":7,"column":27}}},"fnMap":{"0":{"name":"palindrome","decl":{"start":{"line":3,"column":9},"end":{"line":3,"column":19}},"loc":{"start":{"line":3,"column":26},"end":{"line":5,"column":1}},"line":3}},"branchMap":{},"s":{"0":2,"1":4,"2":2},"f":{"0":4},"b":{},"_coverageSchema":"1a1c01bbd47fc00a2c39e90264f33305004495a9","hash":"808d1223cc48f34a2b1077acdb1efd69d83caf55"}
,"/Users/helenhaveloh/workspace/aws-23-07/testing/jest/introduction/reverseString.js": {"path":"/Users/helenhaveloh/workspace/aws-23-07/testing/jest/introduction/reverseString.js","statementMap":{"0":{"start":{"line":2,"column":4},"end":{"line":2,"column":64}},"1":{"start":{"line":6,"column":0},"end":{"line":6,"column":30}}},"fnMap":{"0":{"name":"reverseString","decl":{"start":{"line":1,"column":9},"end":{"line":1,"column":22}},"loc":{"start":{"line":1,"column":29},"end":{"line":3,"column":1}},"line":1}},"branchMap":{},"s":{"0":6,"1":3},"f":{"0":6},"b":{},"_coverageSchema":"1a1c01bbd47fc00a2c39e90264f33305004495a9","hash":"077d6eb2f0f9067711d4f130c2b45e4867aa1448"}
,"/Users/helenhaveloh/workspace/aws-23-07/testing/jest/introduction/shallowObject.js": {"path":"/Users/helenhaveloh/workspace/aws-23-07/testing/jest/introduction/shallowObject.js","statementMap":{"0":{"start":{"line":2,"column":4},"end":{"line":2,"column":21}},"1":{"start":{"line":5,"column":0},"end":{"line":5,"column":30}}},"fnMap":{"0":{"name":"shallowObject","decl":{"start":{"line":1,"column":9},"end":{"line":1,"column":22}},"loc":{"start":{"line":1,"column":28},"end":{"line":3,"column":1}},"line":1}},"branchMap":{},"s":{"0":2,"1":2},"f":{"0":2},"b":{},"_coverageSchema":"1a1c01bbd47fc00a2c39e90264f33305004495a9","hash":"483642c9f52f6ba3f8cc258f379e4328dee7af60"}
}
